<?xml version="1.0" encoding="UTF-8"?>
<!-- Generated by org.testng.reporters.JUnitReportReporter -->
<testsuite hostname="LAPTOP-P0E5GDS2" failures="0" tests="1" name="com.flipkart.topOffer.FlipkartFetchTopoffer10perOff" time="57.634" errors="0" timestamp="2022-12-20T23:03:32 IST" skipped="0">
  <testcase classname="com.flipkart.topOffer.FlipkartFetchTopoffer10perOff" name="fetchPrice" time="57.634"/>
  <system-out/>
</testsuite> <!-- com.flipkart.topOffer.FlipkartFetchTopoffer10perOff -->
